#
# There is insufficient memory for the Java Runtime Environment to continue.
# Native memory allocation (malloc) failed to allocate 608576 bytes for Chunk::new
# Possible reasons:
#   The system is out of physical RAM or swap space
#   The process is running with CompressedOops enabled, and the Java Heap may be blocking the growth of the native heap
# Possible solutions:
#   Reduce memory load on the system
#   Increase physical memory or swap space
#   Check if swap backing store is full
#   Decrease Java heap size (-Xmx/-Xms)
#   Decrease number of Java threads
#   Decrease Java thread stack sizes (-Xss)
#   Set larger code cache with -XX:ReservedCodeCacheSize=
#   JVM is running with Unscaled Compressed Oops mode in which the Java heap is
#     placed in the first 4GB address space. The Java Heap base address is the
#     maximum limit for the native heap growth. Please use -XX:HeapBaseMinAddress
#     to set the Java Heap base and to place the Java Heap above 4GB virtual address.
# This output file may be truncated or incomplete.
#
#  Out of Memory Error (allocation.cpp:389), pid=7936, tid=0x000000000000340c
#
# JRE version: OpenJDK Runtime Environment (8.0_212-b04) (build 1.8.0_212-release-1586-b04)
# Java VM: OpenJDK 64-Bit Server VM (25.212-b04 mixed mode windows-amd64 compressed oops)
# Failed to write core dump. Minidumps are not enabled by default on client versions of Windows
#

---------------  T H R E A D  ---------------

Current thread (0x0000000016b4c800):  JavaThread "C2 CompilerThread1" daemon [_thread_in_native, id=13324, stack(0x00000000182c0000,0x00000000183c0000)]

Stack: [0x00000000182c0000,0x00000000183c0000]
[error occurred during error reporting (printing stack bounds), id 0xc0000005]

Native frames: (J=compiled Java code, j=interpreted, Vv=VM code, C=native code)


Current CompileTask:
C2:  59379 14890       4       com.android.tools.build.apkzlib.zip.FileUseMap::add (50 bytes)


---------------  P R O C E S S  ---------------

Java Threads: ( => current thread )
  0x000000001e1a8800 JavaThread "WorkerExecutor Queue Thread 5" [_thread_blocked, id=1304, stack(0x0000000028460000,0x0000000028560000)]
  0x000000001e1aa000 JavaThread "Cache worker for Java compile cache (C:\Users\lenovo\Desktop\Android-Dev\Calculator_Kotlin\.gradle\5.4.1\javaCompile)" [_thread_blocked, id=11604, stack(0x0000000027f60000,0x0000000028060000)]
  0x000000001e9d9000 JavaThread "Cache worker for Java compile cache (C:\Users\lenovo\.gradle\caches\5.4.1\javaCompile)" [_thread_blocked, id=13076, stack(0x0000000027e60000,0x0000000027f60000)]
  0x000000001c597800 JavaThread "RMI TCP Connection(1)-127.0.0.1" daemon [_thread_in_native, id=8896, stack(0x0000000027d60000,0x0000000027e60000)]
  0x000000001e9d5000 JavaThread "RMI Reaper" [_thread_blocked, id=6352, stack(0x0000000027c60000,0x0000000027d60000)]
  0x000000001e9d4800 JavaThread "RMI TCP Accept-0" daemon [_thread_in_native, id=4892, stack(0x0000000027b60000,0x0000000027c60000)]
  0x000000001e9d8000 JavaThread "GC Daemon" daemon [_thread_blocked, id=5992, stack(0x0000000027a60000,0x0000000027b60000)]
  0x000000001e9d9800 JavaThread "RMI Scheduler(0)" daemon [_thread_blocked, id=4640, stack(0x0000000027860000,0x0000000027960000)]
  0x000000001fbf6000 JavaThread "stdout" [_thread_in_native, id=11492, stack(0x00000000267c0000,0x00000000268c0000)]
  0x000000001fbf5800 JavaThread "stderr" [_thread_in_native, id=11184, stack(0x00000000266c0000,0x00000000267c0000)]
  0x000000001fbf4800 JavaThread "stdout" [_thread_in_native, id=1440, stack(0x00000000265c0000,0x00000000266c0000)]
  0x000000001fbf4000 JavaThread "stderr" [_thread_in_native, id=5308, stack(0x00000000264c0000,0x00000000265c0000)]
  0x000000001fbf3000 JavaThread "stdout" [_thread_in_native, id=2264, stack(0x00000000263c0000,0x00000000264c0000)]
  0x000000001fbf0000 JavaThread "stderr" [_thread_in_native, id=10344, stack(0x00000000262c0000,0x00000000263c0000)]
  0x000000001fbf2800 JavaThread "stdout" [_thread_in_native, id=9420, stack(0x00000000261c0000,0x00000000262c0000)]
  0x000000001fbf1800 JavaThread "stderr" [_thread_in_native, id=10800, stack(0x00000000260c0000,0x00000000261c0000)]
  0x000000001fbf1000 JavaThread "pool-2-thread-1" [_thread_blocked, id=11152, stack(0x0000000025fc0000,0x00000000260c0000)]
  0x000000001fbef800 JavaThread "WorkerExecutor Queue Thread 4" [_thread_blocked, id=8648, stack(0x0000000025ec0000,0x0000000025fc0000)]
  0x000000001c599800 JavaThread "WorkerExecutor Queue Thread 3" [_thread_blocked, id=9404, stack(0x0000000025dc0000,0x0000000025ec0000)]
  0x000000001c599000 JavaThread "WorkerExecutor Queue Thread 2" [_thread_in_native, id=8760, stack(0x0000000025cc0000,0x0000000025dc0000)]
  0x000000001c59a800 JavaThread "WorkerExecutor Queue" [_thread_in_native, id=13864, stack(0x0000000025bc0000,0x0000000025cc0000)]
  0x000000001c58f800 JavaThread "Cache worker for execution history cache (C:\Users\lenovo\Desktop\Android-Dev\Calculator_Kotlin\.gradle\5.4.1\executionHistory)" [_thread_blocked, id=10872, stack(0x0000000024810000,0x0000000024910000)]
  0x000000001c596800 JavaThread "Execution worker for ':' Thread 3" [_thread_blocked, id=1220, stack(0x00000000245d0000,0x00000000246d0000)]
  0x000000001c596000 JavaThread "Execution worker for ':' Thread 2" [_thread_blocked, id=6496, stack(0x00000000244d0000,0x00000000245d0000)]
  0x000000001c58e000 JavaThread "Execution worker for ':'" [_thread_blocked, id=13580, stack(0x00000000243d0000,0x00000000244d0000)]
  0x000000001c595000 JavaThread "Cache worker for file content cache (C:\Users\lenovo\Desktop\Android-Dev\Calculator_Kotlin\.gradle\5.4.1\fileContent)" [_thread_blocked, id=13336, stack(0x0000000023cb0000,0x0000000023db0000)]
  0x000000001c594000 JavaThread "Cache worker for file content cache (C:\Users\lenovo\.gradle\caches\5.4.1\fileContent)" [_thread_blocked, id=11600, stack(0x0000000023bb0000,0x0000000023cb0000)]
  0x000000001c58c800 JavaThread "Memory manager" [_thread_blocked, id=10948, stack(0x00000000235d0000,0x00000000236d0000)]
  0x000000001c58c000 JavaThread "Cache worker for Build Output Cleanup Cache (C:\Users\lenovo\Desktop\Android-Dev\Calculator_Kotlin\.gradle\buildOutputCleanup)" [_thread_blocked, id=1404, stack(0x0000000022cd0000,0x0000000022dd0000)]
  0x000000001c591000 JavaThread "Build operations Thread 4" [_thread_blocked, id=7448, stack(0x00000000225d0000,0x00000000226d0000)]
  0x000000001c592000 JavaThread "Build operations Thread 3" [_thread_blocked, id=11572, stack(0x00000000224d0000,0x00000000225d0000)]
  0x000000001c592800 JavaThread "Build operations Thread 2" [_thread_blocked, id=7064, stack(0x00000000223d0000,0x00000000224d0000)]
  0x000000001c58b000 JavaThread "Build operations" [_thread_blocked, id=13876, stack(0x0000000021020000,0x0000000021120000)]
  0x000000001c590800 JavaThread "Cache worker for execution history cache (C:\Users\lenovo\.gradle\caches\5.4.1\executionHistory)" [_thread_blocked, id=10436, stack(0x0000000020320000,0x0000000020420000)]
  0x000000001c58d800 JavaThread "Cache worker for cache directory md-rule (C:\Users\lenovo\.gradle\caches\5.4.1\md-rule)" [_thread_blocked, id=14116, stack(0x000000001f190000,0x000000001f290000)]
  0x000000001c58f000 JavaThread "Cache worker for cache directory md-supplier (C:\Users\lenovo\.gradle\caches\5.4.1\md-supplier)" [_thread_blocked, id=10728, stack(0x000000001edf0000,0x000000001eef0000)]
  0x0000000019f53000 JavaThread "Cache worker for file hash cache (C:\Users\lenovo\Desktop\Android-Dev\Calculator_Kotlin\.gradle\5.4.1\fileHashes)" [_thread_blocked, id=2420, stack(0x000000001cae0000,0x000000001cbe0000)]
  0x0000000019f52800 JavaThread "Cache worker for journal cache (C:\Users\lenovo\.gradle\caches\journal-1)" [_thread_blocked, id=2360, stack(0x000000001b810000,0x000000001b910000)]
  0x0000000019f57800 JavaThread "File lock request listener" [_thread_in_native, id=4524, stack(0x000000001b610000,0x000000001b710000)]
  0x0000000019d3c000 JavaThread "Cache worker for file hash cache (C:\Users\lenovo\.gradle\caches\5.4.1\fileHashes)" [_thread_blocked, id=7216, stack(0x000000001b510000,0x000000001b610000)]
  0x00000000198d5800 JavaThread "Thread-9" [_thread_blocked, id=9352, stack(0x000000001b410000,0x000000001b510000)]
  0x0000000019f31000 JavaThread "Stdin handler" [_thread_blocked, id=3784, stack(0x000000001b310000,0x000000001b410000)]
  0x0000000019f2e000 JavaThread "Asynchronous log dispatcher for DefaultDaemonConnection: socket connection from /127.0.0.1:52934 to /127.0.0.1:52935" [_thread_blocked, id=13812, stack(0x000000001b210000,0x000000001b310000)]
  0x0000000019f34000 JavaThread "Daemon worker" [_thread_blocked, id=14100, stack(0x000000001b110000,0x000000001b210000)]
  0x0000000019f2b000 JavaThread "Cancel handler" [_thread_blocked, id=12944, stack(0x000000001b010000,0x000000001b110000)]
  0x0000000019f16000 JavaThread "Handler for socket connection from /127.0.0.1:52934 to /127.0.0.1:52935" [_thread_in_native, id=12736, stack(0x000000001ad10000,0x000000001ae10000)]
  0x0000000019f13800 JavaThread "Daemon" [_thread_blocked, id=10592, stack(0x000000001ac10000,0x000000001ad10000)]
  0x0000000019d36800 JavaThread "Daemon periodic checks" [_thread_blocked, id=868, stack(0x000000001ab10000,0x000000001ac10000)]
  0x0000000019ac5000 JavaThread "Incoming local TCP Connector on port 52934" [_thread_in_native, id=2144, stack(0x000000001a8d0000,0x000000001a9d0000)]
  0x000000001927e000 JavaThread "Daemon health stats" [_thread_blocked, id=3700, stack(0x000000001a290000,0x000000001a390000)]
  0x00000000184f0800 JavaThread "Service Thread" daemon [_thread_blocked, id=4404, stack(0x00000000188c0000,0x00000000189c0000)]
  0x0000000016b59800 JavaThread "C1 CompilerThread2" daemon [_thread_blocked, id=13784, stack(0x00000000183c0000,0x00000000184c0000)]
=>0x0000000016b4c800 JavaThread "C2 CompilerThread1" daemon [_thread_in_native, id=13324, stack(0x00000000182c0000,0x00000000183c0000)]
  0x0000000016b44000 JavaThread "C2 CompilerThread0" daemon [_thread_in_native, id=1548, stack(0x00000000181c0000,0x00000000182c0000)]
  0x0000000016b48000 JavaThread "Attach Listener" daemon [_thread_blocked, id=10816, stack(0x00000000180c0000,0x00000000181c0000)]
  0x0000000016b46800 JavaThread "Signal Dispatcher" daemon [_thread_blocked, id=2528, stack(0x0000000017fc0000,0x00000000180c0000)]
  0x00000000031cd000 JavaThread "Finalizer" daemon [_thread_blocked, id=6980, stack(0x0000000017dc0000,0x0000000017ec0000)]
  0x00000000031c2000 JavaThread "Reference Handler" daemon [_thread_blocked, id=6268, stack(0x0000000017cc0000,0x0000000017dc0000)]
  0x00000000017ee000 JavaThread "main" [_thread_blocked, id=1804, stack(0x0000000002f10000,0x0000000003010000)]

Other Threads:
  0x0000000016b05800 VMThread [stack: 0x0000000017bc0000,0x0000000017cc0000] [id=3988]
  0x0000000018502000 WatcherThread [stack: 0x00000000189c0000,0x0000000018ac0000] [id=1620]

VM state:not at safepoint (normal execution)

VM Mutex/Monitor currently owned by a thread: None

OutOfMemory and StackOverflow Exception counts:
OutOfMemoryError java_heap_errors=1

heap address: 0x00000000a0000000, size: 1536 MB, Compressed Oops mode: 32-bit
Narrow klass base: 0x0000000000000000, Narrow klass shift: 3
Compressed class space size: 1073741824 Address: 0x0000000100000000

Heap:
 PSYoungGen      total 225792K, used 179935K [0x00000000e0000000, 0x00000000f0980000, 0x0000000100000000)
  eden space 201728K, 80% used [0x00000000e0000000,0x00000000e9e1ab10,0x00000000ec500000)
  from space 24064K, 74% used [0x00000000ec500000,0x00000000ed69d2f0,0x00000000edc80000)
  to   space 26112K, 0% used [0x00000000ef000000,0x00000000ef000000,0x00000000f0980000)
 ParOldGen       total 83968K, used 46235K [0x00000000a0000000, 0x00000000a5200000, 0x00000000e0000000)
  object space 83968K, 55% used [0x00000000a0000000,0x00000000a2d26df0,0x00000000a5200000)
 Metaspace       used 85078K, capacity 88426K, committed 88536K, reserved 1126400K
  class space    used 11334K, capacity 11960K, committed 12032K, reserved 1048576K

Card table byte_map: [0x0000000012590000,0x00000000128a0000] byte_map_base: 0x0000000012090000

Marking Bits: (ParMarkBitMap*) 0x00000000543c9f30
 Begin Bits: [0x0000000012ea0000, 0x00000000146a0000)
 End Bits:   [0x00000000146a0000, 0x0000000015ea0000)

Polling page: 0x00000000017c0000

CodeCache: size=245760Kb used=42458Kb max_used=42493Kb free=203301Kb
 bounds [0x00000000031d0000, 0x0000000005b80000, 0x00000000121d0000]
 total_blobs=13680 nmethods=12801 adapters=790
 compilation: enabled

Compilation events (10 events):
Event: 59.317 Thread 0x0000000016b59800 14916       3       com.android.tools.r8.n.a.a.a.h.N$f::a (68 bytes)
Event: 59.318 Thread 0x0000000016b59800 nmethod 14916 0x0000000003974850 code [0x00000000039749e0, 0x0000000003974de8]
Event: 59.320 Thread 0x0000000016b59800 14915       3       com.google.common.util.concurrent.AbstractListeningExecutorService::submit (9 bytes)
Event: 59.323 Thread 0x0000000016b59800 nmethod 14915 0x0000000005b76150 code [0x0000000005b76360, 0x0000000005b76e08]
Event: 59.336 Thread 0x0000000016b59800 14918       3       com.android.tools.r8.dex.c::a (38 bytes)
Event: 59.337 Thread 0x0000000016b59800 nmethod 14918 0x0000000005b75350 code [0x0000000005b75520, 0x0000000005b75c58]
Event: 59.340 Thread 0x0000000016b59800 14920       3       com.android.tools.r8.graph.DexClass::staticFields (49 bytes)
Event: 59.341 Thread 0x0000000016b59800 nmethod 14920 0x0000000003975350 code [0x0000000003975500, 0x0000000003975a88]
Event: 59.344 Thread 0x0000000016b59800 14919       3       com.android.tools.r8.n.a.a.a.h.N$f::<init> (41 bytes)
Event: 59.345 Thread 0x0000000016b59800 nmethod 14919 0x0000000003f49090 code [0x0000000003f49200, 0x0000000003f493f0]

GC Heap History (10 events):
Event: 17.909 GC heap before
{Heap before GC invocations=18 (full 3):
 PSYoungGen      total 166912K, used 1703K [0x00000000e0000000, 0x00000000ee080000, 0x0000000100000000)
  eden space 149504K, 0% used [0x00000000e0000000,0x00000000e0000000,0x00000000e9200000)
  from space 17408K, 9% used [0x00000000e9200000,0x00000000e93a9d20,0x00000000ea300000)
  to   space 17408K, 0% used [0x00000000ecf80000,0x00000000ecf80000,0x00000000ee080000)
 ParOldGen       total 53248K, used 37959K [0x00000000a0000000, 0x00000000a3400000, 0x00000000e0000000)
  object space 53248K, 71% used [0x00000000a0000000,0x00000000a2511d68,0x00000000a3400000)
 Metaspace       used 57581K, capacity 58992K, committed 59028K, reserved 1099776K
  class space    used 7801K, capacity 8163K, committed 8192K, reserved 1048576K
Event: 18.495 GC heap after
Heap after GC invocations=18 (full 3):
 PSYoungGen      total 166912K, used 0K [0x00000000e0000000, 0x00000000ee080000, 0x0000000100000000)
  eden space 149504K, 0% used [0x00000000e0000000,0x00000000e0000000,0x00000000e9200000)
  from space 17408K, 0% used [0x00000000e9200000,0x00000000e9200000,0x00000000ea300000)
  to   space 17408K, 0% used [0x00000000ecf80000,0x00000000ecf80000,0x00000000ee080000)
 ParOldGen       total 83968K, used 29412K [0x00000000a0000000, 0x00000000a5200000, 0x00000000e0000000)
  object space 83968K, 35% used [0x00000000a0000000,0x00000000a1cb90d0,0x00000000a5200000)
 Metaspace       used 57581K, capacity 58992K, committed 59028K, reserved 1099776K
  class space    used 7801K, capacity 8163K, committed 8192K, reserved 1048576K
}
Event: 26.480 GC heap before
{Heap before GC invocations=19 (full 3):
 PSYoungGen      total 166912K, used 149504K [0x00000000e0000000, 0x00000000ee080000, 0x0000000100000000)
  eden space 149504K, 100% used [0x00000000e0000000,0x00000000e9200000,0x00000000e9200000)
  from space 17408K, 0% used [0x00000000e9200000,0x00000000e9200000,0x00000000ea300000)
  to   space 17408K, 0% used [0x00000000ecf80000,0x00000000ecf80000,0x00000000ee080000)
 ParOldGen       total 83968K, used 29412K [0x00000000a0000000, 0x00000000a5200000, 0x00000000e0000000)
  object space 83968K, 35% used [0x00000000a0000000,0x00000000a1cb90d0,0x00000000a5200000)
 Metaspace       used 62193K, capacity 64104K, committed 64344K, reserved 1105920K
  class space    used 8382K, capacity 8805K, committed 8832K, reserved 1048576K
Event: 26.524 GC heap after
Heap after GC invocations=19 (full 3):
 PSYoungGen      total 196608K, used 16879K [0x00000000e0000000, 0x00000000ee000000, 0x0000000100000000)
  eden space 179712K, 0% used [0x00000000e0000000,0x00000000e0000000,0x00000000eaf80000)
  from space 16896K, 99% used [0x00000000ecf80000,0x00000000edffbde0,0x00000000ee000000)
  to   space 19968K, 0% used [0x00000000eb900000,0x00000000eb900000,0x00000000ecc80000)
 ParOldGen       total 83968K, used 29420K [0x00000000a0000000, 0x00000000a5200000, 0x00000000e0000000)
  object space 83968K, 35% used [0x00000000a0000000,0x00000000a1cbb0d0,0x00000000a5200000)
 Metaspace       used 62193K, capacity 64104K, committed 64344K, reserved 1105920K
  class space    used 8382K, capacity 8805K, committed 8832K, reserved 1048576K
}
Event: 34.825 GC heap before
{Heap before GC invocations=20 (full 3):
 PSYoungGen      total 196608K, used 196591K [0x00000000e0000000, 0x00000000ee000000, 0x0000000100000000)
  eden space 179712K, 100% used [0x00000000e0000000,0x00000000eaf80000,0x00000000eaf80000)
  from space 16896K, 99% used [0x00000000ecf80000,0x00000000edffbde0,0x00000000ee000000)
  to   space 19968K, 0% used [0x00000000eb900000,0x00000000eb900000,0x00000000ecc80000)
 ParOldGen       total 83968K, used 29420K [0x00000000a0000000, 0x00000000a5200000, 0x00000000e0000000)
  object space 83968K, 35% used [0x00000000a0000000,0x00000000a1cbb0d0,0x00000000a5200000)
 Metaspace       used 66421K, capacity 68442K, committed 68696K, reserved 1107968K
  class space    used 8888K, capacity 9334K, committed 9344K, reserved 1048576K
Event: 34.872 GC heap after
Heap after GC invocations=20 (full 3):
 PSYoungGen      total 209408K, used 19967K [0x00000000e0000000, 0x00000000ef500000, 0x0000000100000000)
  eden space 189440K, 0% used [0x00000000e0000000,0x00000000e0000000,0x00000000eb900000)
  from space 19968K, 99% used [0x00000000eb900000,0x00000000ecc7fe38,0x00000000ecc80000)
  to   space 25088K, 0% used [0x00000000edc80000,0x00000000edc80000,0x00000000ef500000)
 ParOldGen       total 83968K, used 34716K [0x00000000a0000000, 0x00000000a5200000, 0x00000000e0000000)
  object space 83968K, 41% used [0x00000000a0000000,0x00000000a21e70b0,0x00000000a5200000)
 Metaspace       used 66421K, capacity 68442K, committed 68696K, reserved 1107968K
  class space    used 8888K, capacity 9334K, committed 9344K, reserved 1048576K
}
Event: 41.226 GC heap before
{Heap before GC invocations=21 (full 3):
 PSYoungGen      total 209408K, used 209407K [0x00000000e0000000, 0x00000000ef500000, 0x0000000100000000)
  eden space 189440K, 100% used [0x00000000e0000000,0x00000000eb900000,0x00000000eb900000)
  from space 19968K, 99% used [0x00000000eb900000,0x00000000ecc7fe38,0x00000000ecc80000)
  to   space 25088K, 0% used [0x00000000edc80000,0x00000000edc80000,0x00000000ef500000)
 ParOldGen       total 83968K, used 34716K [0x00000000a0000000, 0x00000000a5200000, 0x00000000e0000000)
  object space 83968K, 41% used [0x00000000a0000000,0x00000000a21e70b0,0x00000000a5200000)
 Metaspace       used 71412K, capacity 73934K, committed 74200K, reserved 1114112K
  class space    used 9629K, capacity 10132K, committed 10240K, reserved 1048576K
Event: 41.267 GC heap after
Heap after GC invocations=21 (full 3):
 PSYoungGen      total 226816K, used 6393K [0x00000000e0000000, 0x00000000efb00000, 0x0000000100000000)
  eden space 201728K, 0% used [0x00000000e0000000,0x00000000e0000000,0x00000000ec500000)
  from space 25088K, 25% used [0x00000000edc80000,0x00000000ee2be5e0,0x00000000ef500000)
  to   space 24064K, 0% used [0x00000000ec500000,0x00000000ec500000,0x00000000edc80000)
 ParOldGen       total 83968K, used 46227K [0x00000000a0000000, 0x00000000a5200000, 0x00000000e0000000)
  object space 83968K, 55% used [0x00000000a0000000,0x00000000a2d24df0,0x00000000a5200000)
 Metaspace       used 71412K, capacity 73934K, committed 74200K, reserved 1114112K
  class space    used 9629K, capacity 10132K, committed 10240K, reserved 1048576K
}
Event: 55.670 GC heap before
{Heap before GC invocations=22 (full 3):
 PSYoungGen      total 226816K, used 208121K [0x00000000e0000000, 0x00000000efb00000, 0x0000000100000000)
  eden space 201728K, 100% used [0x00000000e0000000,0x00000000ec500000,0x00000000ec500000)
  from space 25088K, 25% used [0x00000000edc80000,0x00000000ee2be5e0,0x00000000ef500000)
  to   space 24064K, 0% used [0x00000000ec500000,0x00000000ec500000,0x00000000edc80000)
 ParOldGen       total 83968K, used 46227K [0x00000000a0000000, 0x00000000a5200000, 0x00000000e0000000)
  object space 83968K, 55% used [0x00000000a0000000,0x00000000a2d24df0,0x00000000a5200000)
 Metaspace       used 81392K, capacity 84412K, committed 84440K, reserved 1122304K
  class space    used 10930K, capacity 11519K, committed 11520K, reserved 1048576K
Event: 55.722 GC heap after
Heap after GC invocations=22 (full 3):
 PSYoungGen      total 225792K, used 18036K [0x00000000e0000000, 0x00000000f0980000, 0x0000000100000000)
  eden space 201728K, 0% used [0x00000000e0000000,0x00000000e0000000,0x00000000ec500000)
  from space 24064K, 74% used [0x00000000ec500000,0x00000000ed69d2f0,0x00000000edc80000)
  to   space 26112K, 0% used [0x00000000ef000000,0x00000000ef000000,0x00000000f0980000)
 ParOldGen       total 83968K, used 46235K [0x00000000a0000000, 0x00000000a5200000, 0x00000000e0000000)
  object space 83968K, 55% used [0x00000000a0000000,0x00000000a2d26df0,0x00000000a5200000)
 Metaspace       used 81392K, capacity 84412K, committed 84440K, reserved 1122304K
  class space    used 10930K, capacity 11519K, committed 11520K, reserved 1048576K
}

Deoptimization events (10 events):
Event: 58.804 Thread 0x000000001fbef800 Uncommon trap: reason=unstable_if action=reinterpret pc=0x0000000004d1db54 method=com.android.tools.build.apkzlib.zip.ExtraField.size()I @ 4
Event: 58.804 Thread 0x000000001fbef800 Uncommon trap: reason=class_check action=maybe_recompile pc=0x0000000004f2f510 method=com.android.tools.build.apkzlib.zip.CentralDirectoryHeader.getCompressionInfoWithWait()Lcom/android/tools/build/apkzlib/zip/CentralDirectoryHeaderCompressInfo; @ 4
Event: 58.808 Thread 0x000000001fbef800 Uncommon trap: reason=class_check action=maybe_recompile pc=0x0000000004f2f510 method=com.android.tools.build.apkzlib.zip.CentralDirectoryHeader.getCompressionInfoWithWait()Lcom/android/tools/build/apkzlib/zip/CentralDirectoryHeaderCompressInfo; @ 4
Event: 58.811 Thread 0x000000001fbef800 Uncommon trap: reason=bimorphic action=maybe_recompile pc=0x0000000003d7a808 method=com.google.common.base.Objects.equal(Ljava/lang/Object;Ljava/lang/Object;)Z @ 11
Event: 58.812 Thread 0x000000001fbef800 Uncommon trap: reason=class_check action=maybe_recompile pc=0x0000000004f2f510 method=com.android.tools.build.apkzlib.zip.CentralDirectoryHeader.getCompressionInfoWithWait()Lcom/android/tools/build/apkzlib/zip/CentralDirectoryHeaderCompressInfo; @ 4
Event: 58.849 Thread 0x000000001fbef800 Uncommon trap: reason=bimorphic action=maybe_recompile pc=0x0000000003d7a808 method=com.google.common.base.Objects.equal(Ljava/lang/Object;Ljava/lang/Object;)Z @ 11
Event: 58.851 Thread 0x000000001fbef800 Uncommon trap: reason=bimorphic action=maybe_recompile pc=0x0000000003d7a808 method=com.google.common.base.Objects.equal(Ljava/lang/Object;Ljava/lang/Object;)Z @ 11
Event: 58.861 Thread 0x000000001fbef800 Uncommon trap: reason=bimorphic action=maybe_recompile pc=0x0000000003d7a808 method=com.google.common.base.Objects.equal(Ljava/lang/Object;Ljava/lang/Object;)Z @ 11
Event: 59.294 Thread 0x000000001fbef800 Uncommon trap: reason=class_check action=maybe_recompile pc=0x00000000037f1600 method=java.lang.Throwable.<init>(Ljava/lang/String;Ljava/lang/Throwable;)V @ 24
Event: 59.295 Thread 0x000000001c596000 Uncommon trap: reason=class_check action=maybe_recompile pc=0x00000000037f1600 method=java.lang.Throwable.<init>(Ljava/lang/String;Ljava/lang/Throwable;)V @ 24

Classes redefined (0 events):
No events

Internal exceptions (10 events):
Event: 59.234 Thread 0x000000001c59a800 Exception <a 'sun/nio/fs/WindowsException'> (0x00000000e917e930) thrown at [D:\src\AOSP-openjdk-cygwin\jdk8u\hotspot\src\share\vm\prims\jni.cpp, line 710]
Event: 59.243 Thread 0x000000001c59a800 Exception <a 'sun/nio/fs/WindowsException'> (0x00000000e91875b8) thrown at [D:\src\AOSP-openjdk-cygwin\jdk8u\hotspot\src\share\vm\prims\jni.cpp, line 710]
Event: 59.274 Thread 0x000000001c599000 Exception <a 'sun/nio/fs/WindowsException'> (0x00000000e8a916a8) thrown at [D:\src\AOSP-openjdk-cygwin\jdk8u\hotspot\src\share\vm\prims\jni.cpp, line 710]
Event: 59.293 Thread 0x000000001fbef800 Exception <a 'java/lang/OutOfMemoryError'> (0x00000000e9af1868) thrown at [D:\src\AOSP-openjdk-cygwin\jdk8u\hotspot\src\share\vm\prims\jni.cpp, line 736]
Event: 59.304 Thread 0x000000001c59a800 Exception <a 'sun/nio/fs/WindowsException'> (0x00000000e918dc58) thrown at [D:\src\AOSP-openjdk-cygwin\jdk8u\hotspot\src\share\vm\prims\jni.cpp, line 710]
Event: 59.314 Thread 0x000000001c599000 Exception <a 'sun/nio/fs/WindowsException'> (0x00000000e8a97ea0) thrown at [D:\src\AOSP-openjdk-cygwin\jdk8u\hotspot\src\share\vm\prims\jni.cpp, line 710]
Event: 59.337 Thread 0x000000001c59a800 Exception <a 'sun/nio/fs/WindowsException'> (0x00000000e9d0f1a8) thrown at [D:\src\AOSP-openjdk-cygwin\jdk8u\hotspot\src\share\vm\prims\jni.cpp, line 710]
Event: 59.338 Thread 0x000000001c59a800 Exception <a 'sun/nio/fs/WindowsException'> (0x00000000e9d0fc48) thrown at [D:\src\AOSP-openjdk-cygwin\jdk8u\hotspot\src\share\vm\prims\jni.cpp, line 710]
Event: 59.338 Thread 0x000000001c59a800 Exception <a 'sun/nio/fs/WindowsException'> (0x00000000e9d101b0) thrown at [D:\src\AOSP-openjdk-cygwin\jdk8u\hotspot\src\share\vm\prims\jni.cpp, line 710]
Event: 59.338 Thread 0x000000001c59a800 Exception <a 'sun/nio/fs/WindowsException'> (0x00000000e9d10ff8) thrown at [D:\src\AOSP-openjdk-cygwin\jdk8u\hotspot\src\share\vm\prims\jni.cpp, line 710]

Events (10 events):
Event: 59.300 Thread 0x0000000016b59800 flushing nmethod 0x0000000003f49090
Event: 59.319 Thread 0x0000000016b59800 flushing nmethod 0x0000000004341dd0
Event: 59.323 Thread 0x0000000016b59800 flushing nmethod 0x0000000004506a50
Event: 59.339 Thread 0x0000000016b59800 flushing nmethod 0x0000000004886990
Event: 59.339 Thread 0x0000000016b59800 flushing nmethod 0x00000000048b7110
Event: 59.342 Thread 0x0000000016b59800 flushing nmethod 0x0000000004955590
Event: 59.342 Thread 0x0000000016b59800 flushing nmethod 0x00000000049ffd50
Event: 59.343 Thread 0x0000000016b59800 flushing nmethod 0x0000000004a72610
Event: 59.344 Thread 0x0000000016b59800 flushing nmethod 0x0000000004b9e390
Event: 59.346 Thread 0x0000000016b59800 flushing nmethod 0x0000000004e66a10


Dynamic libraries:
0x00007ff79d590000 - 0x00007ff79d5c1000 	C:\Program Files\Android\Android Studio\jre\bin\java.exe
0x00007ffb99850000 - 0x00007ffb99a31000 	C:\WINDOWS\SYSTEM32\ntdll.dll
0x00007ffb99330000 - 0x00007ffb993e1000 	C:\WINDOWS\System32\KERNEL32.DLL
0x00007ffb969b0000 - 0x00007ffb96c23000 	C:\WINDOWS\System32\KERNELBASE.dll
0x00007ffb985f0000 - 0x00007ffb98691000 	C:\WINDOWS\System32\ADVAPI32.dll
0x00007ffb99010000 - 0x00007ffb990ae000 	C:\WINDOWS\System32\msvcrt.dll
0x00007ffb99550000 - 0x00007ffb995ab000 	C:\WINDOWS\System32\sechost.dll
0x00007ffb993f0000 - 0x00007ffb99514000 	C:\WINDOWS\System32\RPCRT4.dll
0x00007ffb99690000 - 0x00007ffb99820000 	C:\WINDOWS\System32\USER32.dll
0x00007ffb96120000 - 0x00007ffb96140000 	C:\WINDOWS\System32\win32u.dll
0x00007ffb99520000 - 0x00007ffb99548000 	C:\WINDOWS\System32\GDI32.dll
0x00007ffb95c90000 - 0x00007ffb95e21000 	C:\WINDOWS\System32\gdi32full.dll
0x00007ffb96c30000 - 0x00007ffb96ccf000 	C:\WINDOWS\System32\msvcp_win.dll
0x00007ffb96020000 - 0x00007ffb96118000 	C:\WINDOWS\System32\ucrtbase.dll
0x00007ffb839f0000 - 0x00007ffb83c59000 	C:\WINDOWS\WinSxS\amd64_microsoft.windows.common-controls_6595b64144ccf1df_6.0.17134.1006_none_d3fbb8f77c940c3f\COMCTL32.dll
0x00007ffb98240000 - 0x00007ffb98561000 	C:\WINDOWS\System32\combase.dll
0x00007ffb95c10000 - 0x00007ffb95c89000 	C:\WINDOWS\System32\bcryptPrimitives.dll
0x00007ffb98120000 - 0x00007ffb9814d000 	C:\WINDOWS\System32\IMM32.DLL
0x0000000053b20000 - 0x0000000053bf2000 	C:\Program Files\Android\Android Studio\jre\jre\bin\msvcr100.dll
0x0000000053c00000 - 0x0000000054446000 	C:\Program Files\Android\Android Studio\jre\jre\bin\server\jvm.dll
0x00007ffb995b0000 - 0x00007ffb995b8000 	C:\WINDOWS\System32\PSAPI.DLL
0x00007ffb8d0b0000 - 0x00007ffb8d0ba000 	C:\WINDOWS\SYSTEM32\VERSION.dll
0x00007ffb899d0000 - 0x00007ffb899d9000 	C:\WINDOWS\SYSTEM32\WSOCK32.dll
0x00007ffb98580000 - 0x00007ffb985ec000 	C:\WINDOWS\System32\WS2_32.dll
0x00007ffb8d6a0000 - 0x00007ffb8d6c3000 	C:\WINDOWS\SYSTEM32\WINMM.dll
0x00007ffb8d670000 - 0x00007ffb8d69a000 	C:\WINDOWS\SYSTEM32\WINMMBASE.dll
0x00007ffb96960000 - 0x00007ffb969a9000 	C:\WINDOWS\System32\cfgmgr32.dll
0x00007ffb899a0000 - 0x00007ffb899af000 	C:\Program Files\Android\Android Studio\jre\jre\bin\verify.dll
0x00007ffb84420000 - 0x00007ffb84449000 	C:\Program Files\Android\Android Studio\jre\jre\bin\java.dll
0x00007ffb84620000 - 0x00007ffb84636000 	C:\Program Files\Android\Android Studio\jre\jre\bin\zip.dll
0x00007ffb96cd0000 - 0x00007ffb98112000 	C:\WINDOWS\System32\SHELL32.dll
0x00007ffb99120000 - 0x00007ffb991c9000 	C:\WINDOWS\System32\shcore.dll
0x00007ffb961f0000 - 0x00007ffb968fe000 	C:\WINDOWS\System32\windows.storage.dll
0x00007ffb98bf0000 - 0x00007ffb98c41000 	C:\WINDOWS\System32\shlwapi.dll
0x00007ffb95b70000 - 0x00007ffb95b81000 	C:\WINDOWS\System32\kernel.appcore.dll
0x00007ffb95b50000 - 0x00007ffb95b6f000 	C:\WINDOWS\System32\profapi.dll
0x00007ffb95b90000 - 0x00007ffb95bdc000 	C:\WINDOWS\System32\powrprof.dll
0x00007ffb95be0000 - 0x00007ffb95bea000 	C:\WINDOWS\System32\FLTLIB.DLL
0x00007ffb844e0000 - 0x00007ffb844fa000 	C:\Program Files\Android\Android Studio\jre\jre\bin\net.dll
0x00007ffb86a80000 - 0x00007ffb86c4a000 	C:\WINDOWS\SYSTEM32\urlmon.dll
0x00007ffb8a1f0000 - 0x00007ffb8a497000 	C:\WINDOWS\SYSTEM32\iertutil.dll
0x00007ffb955a0000 - 0x00007ffb955ab000 	C:\WINDOWS\SYSTEM32\CRYPTBASE.DLL
0x00007ffb95370000 - 0x00007ffb953d6000 	C:\WINDOWS\system32\mswsock.dll
0x00007ffb81ec0000 - 0x00007ffb81ed3000 	C:\Program Files\Android\Android Studio\jre\jre\bin\nio.dll
0x00007ffb89820000 - 0x00007ffb89846000 	C:\Users\lenovo\.gradle\native\29\windows-amd64\native-platform.dll
0x00007ffb89990000 - 0x00007ffb8999d000 	C:\Program Files\Android\Android Studio\jre\jre\bin\management.dll
0x00007ffb95580000 - 0x00007ffb95597000 	C:\WINDOWS\SYSTEM32\CRYPTSP.dll
0x00007ffb94f20000 - 0x00007ffb94f53000 	C:\WINDOWS\system32\rsaenh.dll
0x00007ffb956b0000 - 0x00007ffb956d5000 	C:\WINDOWS\SYSTEM32\bcrypt.dll
0x00007ffb95a80000 - 0x00007ffb95aa8000 	C:\WINDOWS\SYSTEM32\USERENV.dll
0x00007ffb950c0000 - 0x00007ffb950f8000 	C:\WINDOWS\SYSTEM32\IPHLPAPI.DLL
0x00007ffb990b0000 - 0x00007ffb990b8000 	C:\WINDOWS\System32\NSI.dll
0x00007ffb8f320000 - 0x00007ffb8f336000 	C:\WINDOWS\SYSTEM32\dhcpcsvc6.DLL
0x00007ffb8f360000 - 0x00007ffb8f37a000 	C:\WINDOWS\SYSTEM32\dhcpcsvc.DLL

VM Arguments:
jvm_args: -Xmx1536m -Dfile.encoding=windows-1251 -Duser.country=RU -Duser.language=ru -Duser.variant 
java_command: org.gradle.launcher.daemon.bootstrap.GradleDaemon 5.4.1
java_class_path (initial): C:\Users\lenovo\.gradle\wrapper\dists\gradle-5.4.1-all\3221gyojl5jsh0helicew7rwx\gradle-5.4.1\lib\gradle-launcher-5.4.1.jar
Launcher Type: SUN_STANDARD

Environment Variables:
PATH=C:\ProgramData\Oracle\Java\javapath;C:\Program Files (x86)\Lenovo\FusionEngine;C:\Program Files (x86)\Intel\iCLS Client\;C:\Program Files\Intel\iCLS Client\;C:\WINDOWS\system32;C:\WINDOWS;C:\WINDOWS\System32\Wbem;C:\WINDOWS\System32\WindowsPowerShell\v1.0\;C:\Program Files\Intel\Intel(R) Management Engine Components\DAL;C:\Program Files\Intel\Intel(R) Management Engine Components\IPT;C:\Program Files (x86)\Intel\Intel(R) Management Engine Components\DAL;C:\Program Files (x86)\Intel\Intel(R) Management Engine Components\IPT;C:\Program Files\Intel\WiFi\bin\;C:\Program Files\Common Files\Intel\WirelessCommon\;C:\Program Files (x86)\Lenovo\Motion Control\;C:\Program Files (x86)\Common Files\lenovo\easyplussdk\bin;C:\Program Files (x86)\Windows Live\Shared;C:\WINDOWS\System32\OpenSSH\;C:\Program Files\nodejs\;C:\Users\lenovo\AppData\Local\Programs\Python\Python38-32\Scripts\;C:\Users\lenovo\AppData\Local\Programs\Python\Python38-32\;C:\Users\lenovo\AppData\Local\Microsoft\WindowsApps;C:\Users\lenovo\AppData\Local\atom\bin;C:\Users\lenovo\AppData\Roaming\npm;C:\Program Files (x86)\Dev-Cpp\MinGW64\bin;;C:\Users\lenovo\AppData\Local\Programs\Microsoft VS Code\bin
USERNAME=lenovo
OS=Windows_NT
PROCESSOR_IDENTIFIER=Intel64 Family 6 Model 69 Stepping 1, GenuineIntel



---------------  S Y S T E M  ---------------

OS: Windows 10.0 , 64 bit Build 17134 (10.0.17134.753)

CPU:total 4 (initial active 4) (2 cores per cpu, 2 threads per core) family 6 model 69 stepping 1, cmov, cx8, fxsr, mmx, sse, sse2, sse3, ssse3, sse4.1, sse4.2, popcnt, avx, avx2, aes, clmul, erms, lzcnt, ht, tsc, tscinvbit, bmi1, bmi2

Memory: 4k page, physical 4113368k(320332k free), swap 7780224k(2152k free)

vm_info: OpenJDK 64-Bit Server VM (25.212-b04) for windows-amd64 JRE (1.8.0_212-release-1586-b04), built by "builder" with MS VC++ 10.0 (VS2010)

time: Tue Apr 28 18:57:26 2020
timezone: Центральная Азия (зима)
elapsed time: 59 seconds (0d 0h 0m 59s)

